<?xml version="1.0" encoding="UTF-8"?>
<beans xmlns="http://www.springframework.org/schema/beans"
	xmlns:xsi="http://www.w3.org/2001/XMLSchema-instance"
	xmlns:context="http://www.springframework.org/schema/context"
	xmlns:jdbc="http://www.springframework.org/schema/jdbc"
	xmlns:tx="http://www.springframework.org/schema/tx"
	xmlns:cache="http://www.springframework.org/schema/cache"
	xmlns:p="http://www.springframework.org/schema/p"
	xsi:schemaLocation="http://www.springframework.org/schema/jdbc http://www.springframework.org/schema/jdbc/spring-jdbc-4.0.xsd
		http://www.springframework.org/schema/beans http://www.springframework.org/schema/beans/spring-beans-4.0.xsd
		http://www.springframework.org/schema/cache http://www.springframework.org/schema/cache/spring-cache-4.0.xsd
		http://www.springframework.org/schema/tx http://www.springframework.org/schema/tx/spring-tx-4.0.xsd
		http://www.springframework.org/schema/context http://www.springframework.org/schema/context/spring-context-4.0.xsd">

	<!-- Enable Cache -->
	<cache:annotation-driven />
	<bean id="cacheManager" class="org.springframework.cache.support.SimpleCacheManager">
	  <property name="caches">
		<set>
			<bean class="org.springframework.cache.concurrent.ConcurrentMapCacheFactoryBean" name="albums"/>
		</set>
	  </property>
	</bean>
	

	<context:component-scan base-package="com.eugene" />

	<tx:annotation-driven />

	<!-- A transaction manager for working with JPA EntityManagerFactories -->
	<bean id="transactionManager" class="org.springframework.orm.jpa.JpaTransactionManager">
		<property name="entityManagerFactory" ref="entityManagerFactory" />
	</bean>
	
    	<!-- FactoryBean that creates the EntityManagerFactory  -->
		<bean id="entityManagerFactory" class="org.springframework.orm.jpa.LocalContainerEntityManagerFactoryBean">
			<property name="jpaVendorAdapter">
				<bean class="org.springframework.orm.jpa.vendor.HibernateJpaVendorAdapter"/>
			</property>
	    
			<property name="jpaProperties">
				<props>
					<prop key="hibernate.show_sql">true</prop>
					<prop key="hibernate.format_sql">true</prop>
					<prop key="hibernate.dialect">org.hibernate.dialect.HSQLDialect</prop>
				</props>
			</property>
			<property name="dataSource" ref="dataSource" />
		</bean>
	
        <!-- Creates an in-memory database -->
		<jdbc:embedded-database id="dataSource" type="HSQL">
			<jdbc:script location="classpath:hsql-schema.sql" />
			<jdbc:script location="classpath:test-setup-data.sql" />
		</jdbc:embedded-database>


   
</beans>
